<?xml version="1.0" encoding="UTF-8"?>
<testsuite xmlns:xsi="http://www.w3.org/2001/XMLSchema-instance" xsi:noNamespaceSchemaLocation="https://maven.apache.org/surefire/maven-surefire-plugin/xsd/surefire-test-report.xsd" name="TestSuite" time="8.747" tests="17" errors="0" skipped="0" failures="0">
  <properties>
    <property name="java.runtime.name" value="Java(TM) SE Runtime Environment"/>
    <property name="sun.boot.library.path" value="D:\Java\jdk1.8.0_141\jre\bin"/>
    <property name="java.vm.version" value="25.141-b15"/>
    <property name="java.vm.vendor" value="Oracle Corporation"/>
    <property name="maven.multiModuleProjectDirectory" value="E:\java\test_auto_api"/>
    <property name="java.vendor.url" value="http://java.oracle.com/"/>
    <property name="path.separator" value=";"/>
    <property name="guice.disable.misplaced.annotation.check" value="true"/>
    <property name="java.vm.name" value="Java HotSpot(TM) 64-Bit Server VM"/>
    <property name="file.encoding.pkg" value="sun.io"/>
    <property name="user.script" value=""/>
    <property name="user.country" value="CN"/>
    <property name="sun.java.launcher" value="SUN_STANDARD"/>
    <property name="sun.os.patch.level" value=""/>
    <property name="java.vm.specification.name" value="Java Virtual Machine Specification"/>
    <property name="user.dir" value="E:\java\test_auto_api"/>
    <property name="java.runtime.version" value="1.8.0_141-b15"/>
    <property name="java.awt.graphicsenv" value="sun.awt.Win32GraphicsEnvironment"/>
    <property name="java.endorsed.dirs" value="D:\Java\jdk1.8.0_141\jre\lib\endorsed"/>
    <property name="os.arch" value="amd64"/>
    <property name="java.io.tmpdir" value="C:\Users\wxx_0\AppData\Local\Temp\"/>
    <property name="line.separator" value="&#10;"/>
    <property name="java.vm.specification.vendor" value="Oracle Corporation"/>
    <property name="user.variant" value=""/>
    <property name="os.name" value="Windows 10"/>
    <property name="classworlds.conf" value="D:\apache-maven-3.6.1\bin\..\bin\m2.conf"/>
    <property name="sun.jnu.encoding" value="GBK"/>
    <property name="java.library.path" value="D:\Java\jdk1.8.0_141\bin;C:\WINDOWS\Sun\Java\bin;C:\WINDOWS\system32;C:\WINDOWS;D:\software\cmder\bin;D:\software\cmder\vendor\bin;D:\software\cmder\vendor\conemu-maximus5\ConEmu\Scripts;D:\software\cmder\vendor\conemu-maximus5;D:\software\cmder\vendor\conemu-maximus5\ConEmu;D:\NetSarang\Xshell 6\;C:\WINDOWS\system32;C:\WINDOWS;C:\WINDOWS\System32\Wbem;C:\WINDOWS\System32\WindowsPowerShell\v1.0\;C:\Program Files\IDM Computer Solutions\UltraEdit;D:\Java\jdk1.8.0_141\bin;D:\Python37;D:\Python37\Scripts;D:\apache-maven-3.6.1\bin;D:\apache-ant-1.10.5\bin;D:\software\cmder;D:\software\allure-2.7.0\allure-2.7.0\bin;D:\nodejs\;D:\Appium\node_modules\.bin;D:\android-sdk-windows\tools;D:\android-sdk-windows\platform-tools;D:\android-sdk-windows\build-tools\24.0.0-preview;C:\Program Files (x86)\NVIDIA Corporation\PhysX\Common;D:\software\TortoiseSVN\bin;D:\Git\cmd;C:\Users\wxx_0\AppData\Local\Microsoft\WindowsApps;D:\IntelliJ IDEA 2019.1.3\bin;D:\PyCharm Community Edition 2019.1.3\bin;D:\PyCharm 2019.3.3\bin;C:\Users\wxx_0\AppData\Local\Microsoft\WindowsApps;D:\Fiddler;D:\Java\jdk1.8.0_141\bin;D:\Python37;D:\Python37\Scripts;D:\apache-maven-3.6.1\bin;D:\apache-ant-1.10.5\bin;D:\software\cmder;D:\software\allure-2.7.0\allure-2.7.0\bin;C:\Users\wxx_0\AppData\Roaming\npm;D:\nodejs\;D:\Appium\node_modules\.bin;D:\android-sdk-windows\tools;D:\android-sdk-windows\platform-tools;D:\android-sdk-windows\build-tools\24.0.0-preview;D:\Git\mingw64\bin;D:\Git\usr\bin;D:\software\cmder\vendor\git-for-windows\cmd;D:\software\cmder\vendor\git-for-windows\mingw64\bin;D:\software\cmder\vendor\git-for-windows\usr\bin;."/>
    <property name="maven.conf" value="D:\apache-maven-3.6.1\bin\../conf"/>
    <property name="java.specification.name" value="Java Platform API Specification"/>
    <property name="java.class.version" value="52.0"/>
    <property name="sun.management.compiler" value="HotSpot 64-Bit Tiered Compilers"/>
    <property name="os.version" value="10.0"/>
    <property name="library.jansi.path" value="D:\apache-maven-3.6.1\bin\..\lib\jansi-native"/>
    <property name="user.home" value="C:\Users\wxx_0"/>
    <property name="user.timezone" value="Asia/Shanghai"/>
    <property name="java.awt.printerjob" value="sun.awt.windows.WPrinterJob"/>
    <property name="java.specification.version" value="1.8"/>
    <property name="file.encoding" value="GBK"/>
    <property name="user.name" value="wxx"/>
    <property name="java.class.path" value="D:\apache-maven-3.6.1\bin\..\boot\plexus-classworlds-2.6.0.jar"/>
    <property name="java.vm.specification.version" value="1.8"/>
    <property name="sun.arch.data.model" value="64"/>
    <property name="java.home" value="D:\Java\jdk1.8.0_141\jre"/>
    <property name="sun.java.command" value="org.codehaus.plexus.classworlds.launcher.Launcher test"/>
    <property name="java.specification.vendor" value="Oracle Corporation"/>
    <property name="user.language" value="zh"/>
    <property name="awt.toolkit" value="sun.awt.windows.WToolkit"/>
    <property name="java.vm.info" value="mixed mode"/>
    <property name="java.version" value="1.8.0_141"/>
    <property name="java.ext.dirs" value="D:\Java\jdk1.8.0_141\jre\lib\ext;C:\WINDOWS\Sun\Java\lib\ext"/>
    <property name="sun.boot.class.path" value="D:\Java\jdk1.8.0_141\jre\lib\resources.jar;D:\Java\jdk1.8.0_141\jre\lib\rt.jar;D:\Java\jdk1.8.0_141\jre\lib\sunrsasign.jar;D:\Java\jdk1.8.0_141\jre\lib\jsse.jar;D:\Java\jdk1.8.0_141\jre\lib\jce.jar;D:\Java\jdk1.8.0_141\jre\lib\charsets.jar;D:\Java\jdk1.8.0_141\jre\lib\jfr.jar;D:\Java\jdk1.8.0_141\jre\classes"/>
    <property name="sun.stderr.encoding" value="ms936"/>
    <property name="java.vendor" value="Oracle Corporation"/>
    <property name="maven.home" value="D:\apache-maven-3.6.1\bin\.."/>
    <property name="file.separator" value="\"/>
    <property name="java.vendor.url.bug" value="http://bugreport.sun.com/bugreport/"/>
    <property name="sun.cpu.endian" value="little"/>
    <property name="sun.io.unicode.encoding" value="UnicodeLittle"/>
    <property name="sun.stdout.encoding" value="ms936"/>
    <property name="sun.desktop" value="windows"/>
    <property name="sun.cpu.isalist" value="amd64"/>
  </properties>
  <testcase name="test" classname="com.test.RegisterCase" time="2.153"/>
  <testcase name="test" classname="com.test.RegisterCase" time="0.101"/>
  <testcase name="test" classname="com.test.RegisterCase" time="0.091"/>
  <testcase name="test" classname="com.test.RegisterCase" time="0.1"/>
  <testcase name="test" classname="com.test.RegisterCase" time="1.264"/>
  <testcase name="test" classname="com.test.RegisterCase" time="0.28"/>
  <testcase name="test" classname="com.test.LoginCase" time="0.114"/>
  <testcase name="test" classname="com.test.LoginCase" time="0.084"/>
  <testcase name="test" classname="com.test.LoginCase" time="0.093"/>
  <testcase name="test" classname="com.test.LoginCase" time="0.25"/>
  <testcase name="test" classname="com.test.LoginCase" time="0.342"/>
  <testcase name="test" classname="com.test.RechargeCase" time="0.049"/>
  <testcase name="test" classname="com.test.RechargeCase" time="0.048"/>
  <testcase name="test" classname="com.test.RechargeCase" time="0.075"/>
  <testcase name="test" classname="com.test.RechargeCase" time="0.097"/>
  <testcase name="test" classname="com.test.RechargeCase" time="0.277"/>
  <testcase name="test" classname="com.test.RechargeCase" time="1.267"/>
</testsuite>