<?xml version="1.0" encoding="UTF-8"?>
<!-- Generated by org.testng.reporters.JUnitReportReporter -->
<testsuite skipped="0" hostname="wuxxiang" name="com.test.LoginCase" tests="5" failures="0" timestamp="2020-11-30T20:13:46 CST" time="0.792" errors="0">
  <testcase name="test" time="0.261" classname="com.test.LoginCase"/>
  <system-out/>
  <testcase name="test" time="0.250" classname="com.test.LoginCase"/>
  <system-out/>
  <testcase name="test" time="0.108" classname="com.test.LoginCase"/>
  <system-out/>
  <testcase name="test" time="0.100" classname="com.test.LoginCase"/>
  <system-out/>
  <testcase name="test" time="0.073" classname="com.test.LoginCase"/>
  <system-out/>
</testsuite> <!-- com.test.LoginCase -->
