<?xml version="1.0" encoding="UTF-8"?>
<!-- Generated by org.testng.reporters.JUnitReportReporter -->
<testsuite skipped="0" hostname="wuxxiang" name="com.test.RegisterCase" tests="6" failures="0" timestamp="2020-11-30T20:13:46 CST" time="3.956" errors="0">
  <testcase name="test" time="1.367" classname="com.test.RegisterCase"/>
  <system-out/>
  <testcase name="test" time="0.087" classname="com.test.RegisterCase"/>
  <system-out/>
  <testcase name="test" time="0.079" classname="com.test.RegisterCase"/>
  <system-out/>
  <testcase name="test" time="0.060" classname="com.test.RegisterCase"/>
  <system-out/>
  <testcase name="test" time="2.110" classname="com.test.RegisterCase"/>
  <system-out/>
  <testcase name="test" time="0.253" classname="com.test.RegisterCase"/>
  <system-out/>
</testsuite> <!-- com.test.RegisterCase -->
