<?xml version="1.0" encoding="UTF-8"?>
<!-- Generated by org.testng.reporters.JUnitReportReporter -->
<testsuite skipped="0" hostname="wuxxiang" name="com.test.RechargeCase" tests="6" failures="0" timestamp="2020-11-30T20:13:46 CST" time="1.923" errors="0">
  <testcase name="test" time="0.090" classname="com.test.RechargeCase"/>
  <system-out/>
  <testcase name="test" time="0.084" classname="com.test.RechargeCase"/>
  <system-out/>
  <testcase name="test" time="1.489" classname="com.test.RechargeCase"/>
  <system-out/>
  <testcase name="test" time="0.086" classname="com.test.RechargeCase"/>
  <system-out/>
  <testcase name="test" time="0.076" classname="com.test.RechargeCase"/>
  <system-out/>
  <testcase name="test" time="0.098" classname="com.test.RechargeCase"/>
  <system-out/>
</testsuite> <!-- com.test.RechargeCase -->
